P21187 GO:0007276 98 34 22 no
Q8IGR0 GO:0007276 69 4 5 no
Q9V3G3 GO:0050767 76 13 5 no
P47938 GO:0050767 64 3 3 no
P06603 GO:0001754 138 76 6 yes
O02195 GO:0001754 64 1 1 no
P48608 GO:0001754 101 37 40 no
Q03017 GO:0001745 115 50 19 no
P51123 GO:0001745 75 12 17 no
Q03017 GO:0001654 77 13 19 no
Q86B79 GO:0009798 77 12 8 no
P12982 GO:0001745 82 19 21 no
P05205 GO:0009887 134 31 38 no
Q9XYM0 GO:0001752 101 11 7 no
P49071 GO:0007476 65 3 7 no
Q05652 GO:0010927 73 13 19 no
Q24338 GO:0003002 77 14 22 no
P51123 GO:0007480 66 6 17 no
P49905 GO:0007480 69 6 9 no
Q27272 GO:0007480 106 7 8 no
P06002 GO:0007480 82 19 22 no
P19018 GO:0006897 79 17 15 no
P54357 GO:0006897 68 9 8 no
Q27272 GO:0007560 76 13 8 no
P54350 GO:0007560 70 7 13 no
P16371 GO:0008360 94 32 21 no
P10105 GO:0042067 71 10 11 no
P17971 GO:0007276 82 9 6 no
P09082 GO:0007276 63 2 9 no
Q27884 GO:0001709 61 1 5 no
Q9VA38 GO:0007276 151 89 21 no
Q9NIV1 GO:0007444 67 4 5 no
Q9U405 GO:0002165 70 7 10 no
Q9VTE2 GO:0048468 95 6 15 no