Q13105 GO:0045892 79 17 7 no
P62873 GO:0045892 103 37 22 no
Q9NQT8 GO:0045892 119 58 12 no
O14936 GO:0048522 79 18 17 no
Q9Y678 GO:0048522 68 9 5 no
Q96NW4 GO:0045087 71 10 8 no
P15153 GO:0045087 75 11 12 no
Q13105 GO:0045087 80 19 7 no
P09769 GO:0045087 79 16 15 yes
P35606 GO:0060255 66 5 6 no
Q9NQT8 GO:0060255 116 56 12 no
Q9NYY3 GO:0060255 78 16 10 no
Q9BXB1 GO:0045892 71 10 5 no
P11362 GO:0045892 89 27 37 no
Q12931 GO:0045892 75 15 11 no
P09769 GO:0045892 73 12 18 no
P01133 GO:0045892 90 26 37 no
Q9C0K0 GO:0045892 68 7 2 no
Q96NW4 GO:0048523 73 12 8 no
P46199 GO:0048523 65 2 4 no
P38159 GO:0048523 80 17 24 no
Q6ZN18 GO:0048523 62 1 1 no
Q9NQT8 GO:0048523 120 60 12 no
Q13884 GO:0048523 82 20 4 no
P61964 GO:0048523 71 11 18 no
P08047 GO:0048523 110 48 24 no
Q15916 GO:0048523 62 2 2 no
P01130 GO:0048523 94 32 28 no
Q9C0K0 GO:0048523 92 9 2 no
Q13557 GO:0048523 117 17 33 no
P29375 GO:0048523 67 7 7 no
Q6ZN18 GO:0048523 61 0 1 no
Q9C0K0 GO:0048523 106 10 2 no
Q9H4G4 GO:0048523 61 2 6 no
Q8IY67 GO:0048523 62 0 1 no
P51151 GO:0007165 73 11 10 no
O14867 GO:0007165 66 5 8 no
P52294 GO:0044700 77 16 17 no
P51151 GO:0044700 74 12 10 no
Q9P2R3 GO:0044700 307 248 3 yes
P09651 GO:0044700 103 16 22 no
Q9Y580 GO:0044700 61 0 3 no
O60494 GO:0045892 99 38 24 no
O00221 GO:0045892 71 9 4 no
Q9C0K0 GO:0045892 72 9 2 no
Q99942 GO:0048583 69 9 7 no
Q12873 GO:0048583 79 18 17 no
P52943 GO:0048583 63 1 2 no
P41279 GO:0044700 68 8 9 no
P08621 GO:0006796 70 10 13 no
Q96NW4 GO:0007166 73 14 8 no
Q14145 GO:0007166 69 9 9 no
O14727 GO:0007166 117 14 14 no
P68400 GO:0031324 86 25 21 no
Q13351 GO:0031324 66 4 7 no
Q15291 GO:0010468 72 9 12 no
P20339 GO:0010468 72 10 15 no
Q8IX07 GO:0048523 69 9 14 no
O14965 GO:0048523 72 12 28 no
O43278 GO:0048523 65 3 6 no
O43318 GO:0048523 76 16 43 no
Q15916 GO:0048523 65 3 2 no
Q9C0K0 GO:0048523 70 9 2 no
Q96NW4 GO:0007165 73 11 8 no
P49711 GO:0007165 73 12 22 no
O14936 GO:0007165 77 16 17 no
P11171 GO:0007165 124 27 12 no
Q9HD67 GO:0007165 74 13 11 no
Q9UKV5 GO:0048584 85 27 17 no
Q9H1H9 GO:0048584 68 8 9 no
P31314 GO:0048584 70 8 1 no
P46939 GO:0006464 91 31 19 no
Q9Y496 GO:0065009 115 55 16 no
Q8WXF1 GO:0065009 68 8 4 no
Q9UHX1 GO:0065009 174 10 4 no
Q9P2R3 GO:0065009 264 204 3 yes
Q01973 GO:0070887 72 12 9 no
Q13191 GO:0070887 92 30 9 no
O76064 GO:0007166 74 13 23 no
O75340 GO:0007166 73 12 21 no
Q7L7X3 GO:0007166 132 33 20 no
Q13884 GO:0007166 91 26 4 no
P07900 GO:0048519 98 37 35 no
Q9BXB1 GO:0048519 72 11 5 no
Q495M9 GO:0048519 73 10 6 no
Q9NQT8 GO:0048519 114 53 12 no
Q15653 GO:0007167 75 14 9 yes
Q86V81 GO:0007167 115 14 21 no
Q05516 GO:0007167 79 16 19 no
O60341 GO:0007167 94 32 33 no
Q8IX07 GO:0007167 104 42 14 no
Q7Z4S6 GO:0048523 70 7 1 no
P43034 GO:0051716 78 16 21 no
Q12873 GO:0051716 76 15 17 no
O15164 GO:0060255 121 15 18 no
O94925 GO:0060255 93 33 13 no
O95967 GO:0019222 68 7 6 no
Q6FHM2 GO:0019222 63 1 1 no
O94925 GO:0050794 93 34 13 no
P14859 GO:0007166 71 9 10 no
Q7Z4S6 GO:0007166 69 7 1 no
Q96CA5 GO:0007166 73 12 13 no
Q15916 GO:0031324 65 1 2 no
Q10567 GO:0031324 81 19 12 no
Q9NQT8 GO:0031324 125 62 12 no
P38159 GO:0023051 76 15 24 no
P49792 GO:0023051 134 33 20 no
Q13557 GO:0023051 74 12 33 no
Q9Y2R2 GO:0007165 72 11 13 no
Q15916 GO:0051252 64 2 2 no
Q8IX07 GO:0051252 75 12 14 no
Q9NQT8 GO:0051252 144 81 12 no
P31948 GO:0010604 70 9 5 no
O14745 GO:0010604 73 15 27 no
Q8N5D0 GO:0010604 90 5 1 no
P11171 GO:0010604 77 17 12 no
P08238 GO:0010604 76 15 18 no
Q9P2R3 GO:0010604 288 226 3 yes
Q9H9B1 GO:0048518 71 11 13 no
Q12873 GO:0048518 82 19 17 no
O15164 GO:0048518 73 13 18 no
Q13191 GO:0048518 70 11 9 no
Q13163 GO:0010556 69 11 5 no
O15164 GO:0010556 96 36 18 no
O15164 GO:2000112 70 11 18 no
Q12931 GO:2000112 120 14 11 no
P30291 GO:0006355 69 10 9 no
P00740 GO:0006355 74 13 12 no
Q9H792 GO:0045893 78 15 8 no
Q9NQT8 GO:0045893 144 58 12 no
P49792 GO:0006355 100 38 20 no
Q9H9B1 GO:0006355 72 12 13 no
Q92783 GO:0006355 86 22 9 no
P46199 GO:0007165 65 2 4 no
P52298 GO:0007165 79 19 31 no
Q13884 GO:0007165 82 20 4 no
Q9Y2K7 GO:0010033 64 1 3 no
Q15418 GO:0010033 86 26 34 no
Q9HD67 GO:0010033 75 11 11 no
Q8WUF5 GO:0010033 69 8 7 no
P31314 GO:0010033 66 6 1 no
Q13976 GO:0010033 112 16 12 no
Q14005 GO:0051716 63 3 5 no
Q9BYG3 GO:0051716 77 17 12 no
P23258 GO:0007166 78 15 10 no
P52298 GO:0007166 94 31 31 no
P57058 GO:0006468 63 0 3 no
Q05516 GO:0006468 78 15 19 no
Q00653 GO:0006468 63 0 25 no
Q9Y618 GO:0006468 93 31 21 no
P41279 GO:0007165 78 15 9 no
Q9BYB0 GO:0007165 94 0 6 no
Q12873 GO:0051716 63 0 17 no
Q15916 GO:0050794 62 16 2 no
Q9C0K0 GO:0050794 62 16 2 no
Q8TEX9 GO:0010468 94 32 7 no
O94813 GO:0016071 78 31 52 no
Q9BWF3 GO:0016071 78 16 25 no
Q05516 GO:0016071 78 15 19 no
P10599 GO:0016071 109 47 20 no
P35250 GO:0016071 78 16 14 no
Q14114 GO:0006396 94 32 18 no
Q12929 GO:0006396 78 16 7 no
O75821 GO:0006396 78 16 9 no
Q9GZS3 GO:0006396 63 0 13 no
Q99759 GO:0006396 78 15 9 no
P23258 GO:0060255 78 16 10 no
P33240 GO:0060255 62 16 16 no
O75529 GO:0060255 94 0 8 no
P00740 GO:0060255 78 16 12 no
P36894 GO:0044267 78 15 17 no
Q9HD67 GO:0044267 62 15 11 no
Q03112 GO:0045595 78 31 12 no
Q15916 GO:0045595 63 16 2 no
P41182 GO:0045595 78 16 15 no
Q12873 GO:0045595 78 15 17 no
Q13191 GO:0006464 78 15 9 no
P09086 GO:0006464 78 15 5 no
Q12873 GO:0006464 78 31 17 no
P27708 GO:0007166 93 31 15 no
Q9C0K0 GO:0007166 62 15 2 no
Q15418 GO:0071844 62 15 34 no
O14867 GO:0071844 62 0 8 no
O43474 GO:0071844 62 15 31 no
Q9C0K0 GO:0071844 62 0 2 no
Q05516 GO:0007166 78 16 19 no
Q92466 GO:0007166 93 31 15 no
Q9NQT8 GO:0007166 94 31 6 yes
P49427 GO:0007166 78 16 13 no
Q9C0K0 GO:0007166 78 16 2 no
Q9Y618 GO:0050793 94 31 21 no
O75376 GO:0050793 94 31 27 no
Q12873 GO:0050793 94 16 17 no
O75529 GO:0050793 156 0 8 no
Q9NYB9 GO:0048583 78 16 21 no
Q9H9B1 GO:0048583 78 16 13 no
Q14005 GO:0048583 63 0 5 no
Q12873 GO:0048583 78 15 17 no
Q9BUR4 GO:0048583 78 16 9 no
Q13671 GO:0009966 78 16 4 no
Q15080 GO:0009966 94 31 17 no
P78352 GO:0009966 94 31 16 no
O00221 GO:0009966 78 16 4 no
Q9C0K0 GO:0009966 78 16 2 no
O75821 GO:0050794 109 46 9 no
P25490 GO:0009966 78 15 17 no
Q99942 GO:0009966 78 16 7 no
Q8IX07 GO:0009966 110 16 14 no
P49711 GO:0009966 78 15 22 no
Q9NQT8 GO:0060255 109 47 12 no
P16333 GO:0010556 78 16 20 no
Q676U5 GO:0010556 78 15 4 no
Q15349 GO:0010556 109 47 31 no
Q12873 GO:0007166 78 15 17 no
O75821 GO:0007166 78 16 9 no
P13647 GO:0007166 78 16 13 no
P02538 GO:0007166 78 15 7 no
Q13029 GO:0048523 78 0 4 no
Q8IX07 GO:0048523 78 16 14 no
Q13029 GO:0048583 62 0 4 no
Q9Y2K7 GO:0048583 62 0 3 no
P55273 GO:0048583 78 16 21 no
P46199 GO:0051716 62 0 4 no
Q9H9B1 GO:0006355 124 15 13 no
P49023 GO:0006355 78 16 18 no
Q13112 GO:0019538 78 16 14 no
P31314 GO:0019538 125 16 1 no
Q99558 GO:0060255 78 15 6 no
O15131 GO:2000112 78 16 6 no
Q495M9 GO:2000112 78 15 6 no
P06241 GO:2000112 109 16 30 no
P07947 GO:2000112 78 16 18 no
P14635 GO:0007166 78 16 23 no
P24385 GO:0007166 78 15 26 no
P31314 GO:0007166 63 0 1 no
P30260 GO:0007166 78 16 20 no
P16333 GO:0006464 94 31 20 no
O75581 GO:0006464 94 31 69 no
Q12873 GO:0006464 78 16 17 no
P19838 GO:0006464 110 47 53 no
P27708 GO:0060255 78 31 15 no
O94761 GO:0048523 109 15 10 no
P62995 GO:0048523 78 16 8 no
P17987 GO:0048523 78 16 11 no
Q15916 GO:0048523 78 0 2 no
Q15653 GO:0010646 94 31 21 no
O14965 GO:0010646 78 16 28 no
O15164 GO:0019222 93 31 18 no
Q9C0K0 GO:0019222 62 0 2 no
O15084 GO:0006355 78 16 1 no
P20248 GO:0006355 78 16 8 no
P52272 GO:0006355 62 0 17 no
P08621 GO:0007267 78 15 13 no
P40937 GO:0007267 62 0 14 no
P35250 GO:0007267 78 15 14 no
P20248 GO:0048519 79 16 8 no
P35606 GO:0050794 62 0 6 no
Q15750 GO:0051049 78 16 29 no
P09086 GO:0051049 124 0 5 no
O15550 GO:0051049 62 0 2 no
P62136 GO:0051049 94 31 14 no
P09086 GO:0007165 62 0 5 no
Q6PL18 GO:0007165 63 0 4 no
Q99684 GO:0007165 78 15 17 no
Q96KQ7 GO:0007165 78 15 9 no
Q12965 GO:0007165 78 16 15 no
P46531 GO:0060333 78 16 36 no
P49023 GO:0060333 78 15 9 yes
P31314 GO:0060333 62 0 1 no
Q7Z4S6 GO:0006355 78 16 1 no
O14727 GO:0006355 78 16 14 no
P09086 GO:0006355 63 0 5 no
P57058 GO:0042221 63 0 3 no
P61081 GO:0042221 94 32 10 no
Q10567 GO:0042221 93 31 12 no
P62995 GO:0042221 78 16 8 no
Q9Y2J2 GO:0007154 328 219 6 yes
Q8N5D0 GO:0007154 78 16 1 no
Q12965 GO:0007154 78 16 15 no
Q15916 GO:0007154 62 0 2 no
P36894 GO:0006796 78 15 17 no
O43491 GO:0006796 63 0 4 no
Q13347 GO:0006796 78 16 9 no
Q9UK53 GO:0048468 78 15 5 no
Q9Y6N9 GO:0048468 78 15 10 no
P08621 GO:0048468 94 31 13 no
Q8N264 GO:0048468 78 16 4 no
P48059 GO:0048468 78 16 9 no
Q15916 GO:0060255 62 0 2 no
Q9UK53 GO:0007154 62 0 5 no
Q9Y6N9 GO:0007154 62 15 10 no
O43474 GO:0007154 78 16 31 no
Q05516 GO:0007165 78 16 19 no
Q9H9B1 GO:0019222 78 16 13 no
P20339 GO:0019222 78 16 15 no
Q6FHM2 GO:0019222 63 0 1 no
O15164 GO:0010468 78 16 18 no
Q6PL18 GO:0010468 62 0 4 no
P14859 GO:0006468 78 16 10 no
Q13105 GO:0006468 78 16 6 yes
Q7Z6Z7 GO:0006468 78 16 13 no
O00221 GO:0006468 78 16 4 no
P38159 GO:0044707 94 16 24 no
Q6ZN18 GO:0044707 63 16 1 no
P14859 GO:0006464 78 16 10 no
Q13418 GO:0006464 78 16 19 no
Q13625 GO:0006464 78 16 11 no
P41279 GO:0060255 78 16 9 no
P05166 GO:0006355 125 31 11 no
O15164 GO:0006355 78 16 18 no
Q15916 GO:0006355 62 0 2 no
Q96NW4 GO:0007169 156 16 8 no
Q9H1H9 GO:0007169 78 15 9 no
P61201 GO:0007169 94 16 5 yes
O15164 GO:0006355 78 16 18 no
Q6PL18 GO:0006355 62 0 4 no
O75529 GO:0006355 63 0 8 no
P46531 GO:0003008 94 31 36 no
Q14527 GO:0003008 78 16 7 no
P11940 GO:0003008 78 16 28 no
P62995 GO:0003008 63 0 8 no
Q149N8 GO:0003008 62 0 2 no
Q9H9B1 GO:0019222 78 16 13 no
O00444 GO:0019222 78 16 10 no
Q13351 GO:0048519 62 0 7 no
Q14114 GO:0048519 94 31 18 no
Q12965 GO:0048519 125 16 15 no
O15164 GO:0048519 78 16 18 no
P46531 GO:0006468 78 15 36 no
Q14192 GO:0006468 94 31 16 no
Q6PL18 GO:0006468 63 0 4 no
Q9BQA1 GO:0006468 93 31 12 no
P49711 GO:0006468 62 15 22 no
Q15291 GO:0048522 125 16 12 no
P52789 GO:0048522 94 32 16 no
Q9NYY3 GO:0048522 62 0 10 no
Q15291 GO:0048523 78 15 12 no
Q00526 GO:0048523 62 0 5 no
Q7L7X3 GO:0048523 78 16 20 no
P33240 GO:0048519 125 63 16 no
P38159 GO:0048519 78 16 24 no
P05771 GO:0048519 78 16 22 no
Q9Y5S9 GO:0031323 94 31 22 no
P31314 GO:0031323 78 15 1 no
P63098 GO:0080090 78 16 14 no
Q13191 GO:0080090 62 0 9 no
Q9Y5S9 GO:0080090 78 16 22 no
Q15916 GO:0007166 63 16 2 no
Q99728 GO:0007166 78 16 24 no
P25490 GO:0006464 94 31 17 no
P46199 GO:0006464 62 0 4 no
P62491 GO:0006464 94 31 16 no
Q9Y5S9 GO:0006464 125 16 22 no
P51531 GO:0006464 78 16 22 no
Q6EMK4 GO:0019222 78 16 7 no
P23258 GO:0050794 63 0 10 no
Q9NS87 GO:0007165 109 47 12 no
Q10567 GO:0007165 94 31 12 no
O43474 GO:0007165 78 16 31 no
Q9C0K0 GO:0007165 63 0 2 no
O15084 GO:0051716 62 0 1 no
Q7Z4S6 GO:0071310 78 16 1 no
Q15916 GO:0071310 62 0 2 no
P55317 GO:0071310 78 16 25 no
Q13263 GO:0071310 78 16 22 no
Q12873 GO:0071310 78 16 17 no
P08621 GO:0006796 78 16 13 no
O60260 GO:0006796 93 31 45 no
P48059 GO:0006796 63 0 9 no
Q00653 GO:0006796 62 0 25 no
O75376 GO:0048522 125 31 27 no
O15164 GO:0048522 78 16 18 no
P51784 GO:0007165 62 16 6 no
O43474 GO:0007165 94 31 31 no
Q96GD4 GO:0007165 78 16 28 no
P31314 GO:0007165 78 16 1 no
Q13347 GO:0007165 78 15 9 no
Q9C0K0 GO:0007165 78 16 2 no
O14936 GO:0051128 78 15 17 no
P54764 GO:0051128 78 0 7 no
O95503 GO:0051128 78 16 5 no
Q6PL18 GO:0051128 78 15 4 no
Q8WXD9 GO:0051128 78 16 1 no
P08621 GO:0006468 78 16 13 no
Q9NQS7 GO:0006468 93 31 10 no
P62995 GO:0006468 63 0 8 no
P30279 GO:0006468 63 0 10 no
Q8WUM4 GO:0006468 78 16 10 no
P46531 GO:0006468 78 15 36 no
Q9C0K0 GO:0051716 93 15 2 no
Q13625 GO:0033554 110 47 11 no
Q8IX07 GO:0033554 110 32 14 no
P62491 GO:0033554 78 16 16 no
P08047 GO:0033554 93 31 24 no
P10398 GO:0033554 110 47 9 no
Q9C0K0 GO:0033554 78 16 2 no
Q495M9 GO:0006355 78 16 6 no
Q495M9 GO:0019219 78 16 6 no
O15164 GO:0019219 78 16 18 no
Q9UHX1 GO:0019219 78 16 4 no
O95721 GO:0051716 63 0 9 no
Q9NS87 GO:0035556 437 78 12 no
Q99558 GO:0035556 79 16 6 no
Q04323 GO:0035556 78 15 12 no
P08151 GO:0006464 78 16 19 no
P31314 GO:0006464 78 0 1 no
Q07889 GO:0006464 78 16 24 no
Q9NQS7 GO:0006464 78 16 10 no
Q01860 GO:0006464 93 31 29 no
O43474 GO:0007165 78 15 31 no
Q13625 GO:0006464 109 15 11 no
Q13351 GO:0006464 63 0 7 no
P17987 GO:0006464 109 15 7 yes
P31314 GO:0006464 93 15 1 no
Q9Y385 GO:0044700 140 0 2 no
Q15916 GO:0044700 62 0 2 no
Q9C0K0 GO:0044700 78 15 2 no
P31314 GO:0007154 63 0 1 no
Q08345 GO:0007178 78 16 18 no
Q9Y2J2 GO:0007178 297 234 6 yes
P55317 GO:0007178 78 16 25 no
O43474 GO:0007178 93 31 31 no
Q08345 GO:0009967 78 16 18 no
P17480 GO:0009967 78 16 10 no
Q15916 GO:0006355 62 0 2 no
Q13557 GO:0006355 78 15 33 no
O14965 GO:0048584 78 15 28 no
Q9UHB6 GO:0048584 78 15 11 no
P31314 GO:0048584 78 16 1 no
Q03112 GO:0006796 78 15 12 no
Q15653 GO:0006796 78 16 21 no
Q14145 GO:0006796 62 0 9 no
O14867 GO:0006796 78 15 8 no
P31314 GO:0006796 124 31 1 no
O60260 GO:0007166 79 16 45 no
P62333 GO:0007166 111 47 32 no
Q08211 GO:0007166 79 16 25 no
P31314 GO:0007166 62 0 1 no
Q14766 GO:0006464 63 0 9 no
Q00653 GO:0006464 811 764 25 no
Q9P2R3 GO:0006464 249 187 3 yes
P31314 GO:0006464 79 15 1 no
Q04323 GO:0006464 63 0 12 no
P52272 GO:0048518 93 31 17 no
Q02241 GO:0045595 905 842 22 no
Q08345 GO:0045595 95 32 18 no
P24941 GO:0045595 141 31 29 no
P36873 GO:0045595 156 94 20 no
Q06455 GO:0060255 93 15 5 no
O15164 GO:0060255 109 31 18 no
O60260 GO:0007166 109 46 45 no
P52294 GO:0007166 109 47 17 no
Q14145 GO:0007166 78 15 9 no
P31314 GO:0007166 94 31 1 no
P52594 GO:0007166 93 31 5 no
P09429 GO:0050793 93 31 27 no
P49711 GO:0050793 110 47 22 no
P41182 GO:0050793 109 47 15 no
P09086 GO:0050793 78 0 5 no
Q13753 GO:0050793 79 16 6 no
P52292 GO:0050793 109 47 15 no
Q6ZN18 GO:0050793 63 0 1 no
Q16620 GO:0002682 78 16 8 no
P10599 GO:0002682 157 93 20 no
Q8N5D0 GO:0002682 95 32 1 no
P78352 GO:0002682 858 796 16 no
O60260 GO:0045892 125 63 45 no
Q02156 GO:0045892 110 47 24 no
Q6ZN18 GO:0045892 62 0 1 no
Q9NQT8 GO:0045892 968 889 12 no
P49792 GO:0045892 140 78 20 no
Q9C0K0 GO:0045892 95 31 2 no
Q7Z4S6 GO:0051716 95 31 1 no
P15924 GO:0048522 93 31 20 no
Q12965 GO:0048522 94 32 15 no
P26368 GO:0048522 109 46 17 no
Q99684 GO:0048522 16210 32 17 no
Q15916 GO:0050794 78 0 2 no
P35869 GO:0006464 126 63 27 no
Q00653 GO:0006464 110 46 25 no
P57058 GO:0006464 79 16 3 no
P31314 GO:0006464 95 31 1 no
P63165 GO:0006468 858 796 18 yes
Q05516 GO:0006468 95 31 19 no
P50613 GO:0006468 874 811 38 no
Q6W2J9 GO:0006468 110 47 20 no
P24385 GO:0006468 156 47 26 no
P41182 GO:0006464 109 47 15 no
Q9C0K0 GO:0006464 94 31 2 no
P07900 GO:0006468 172 94 35 no
Q13105 GO:0006468 111 47 6 yes
Q13163 GO:0006468 110 47 5 no
Q00653 GO:0006468 93 31 25 no
Q14839 GO:0006468 874 796 19 no
P09086 GO:0006796 79 15 5 no
Q07889 GO:0006796 858 796 24 no
Q00653 GO:0006796 94 31 25 no
Q9NQS7 GO:0006796 858 795 10 no
P08047 GO:0006796 905 843 24 no
Q8WUF5 GO:0006796 78 15 7 no
P38159 GO:0006955 109 47 24 no
Q99684 GO:0006955 141 32 17 no
Q99558 GO:0006955 94 32 6 no
Q13112 GO:0032268 111 47 14 no
P37173 GO:0032268 874 811 27 no
P24864 GO:0032268 94 31 13 no
P31314 GO:0032268 94 31 1 no
P18031 GO:0032268 109 46 28 no
Q99684 GO:0010604 172 31 17 no
Q4G0J3 GO:0010604 78 15 6 no
Q15916 GO:0010604 64 0 2 no
Q9NQT8 GO:0010604 906 842 12 no
Q15653 GO:0071310 110 46 21 no
Q03112 GO:0071310 94 32 12 no
Q9P2R3 GO:0071310 1156 1030 3 yes
P31314 GO:0071310 78 15 1 no
O00311 GO:0071310 95 31 16 no
Q13112 GO:0051239 93 31 14 no
P08047 GO:0051239 93 31 24 no
P35637 GO:0051239 78 16 10 no
P21860 GO:0051239 94 31 28 no
O94776 GO:0051239 94 31 16 no
Q15916 GO:0051239 63 0 2 no
Q05516 GO:0007178 78 15 19 no
P09086 GO:0007178 63 0 5 no
O60341 GO:0007178 78 15 33 no
P29317 GO:0007178 78 15 21 no
Q08345 GO:0007178 78 16 18 no
P50613 GO:0002682 94 31 38 no
Q9H9Q2 GO:0002682 109 0 4 no
P11802 GO:0002682 78 16 19 no
P31314 GO:0002682 78 16 1 no
O00232 GO:0002682 94 31 26 no
Q8IYW5 GO:0044700 78 16 25 no
Q05516 GO:0044700 78 16 19 no
Q13112 GO:0051239 78 15 14 no
O00560 GO:0051239 78 15 25 no
Q9Y566 GO:0051239 62 0 9 no
Q13105 GO:0051239 78 16 7 no
P07333 GO:0007167 62 0 6 yes
P08621 GO:0007167 63 0 13 no
Q99942 GO:0007167 78 0 7 no
Q14766 GO:0007167 78 16 9 no
O00743 GO:0007167 63 0 5 no
P27448 GO:0007167 78 16 3 no
Q12967 GO:0048518 78 16 6 no
P02549 GO:0007167 78 0 10 no
P55317 GO:0007167 78 15 25 no
P61956 GO:0007167 78 15 9 no
O15164 GO:0007167 125 32 18 no
Q99728 GO:0007167 78 16 24 no
P38398 GO:0007167 109 47 61 no
P55317 GO:0007166 78 16 25 no
Q9GZS3 GO:0007166 62 0 13 no
P10398 GO:0007166 109 47 9 no
P31314 GO:0007166 78 15 1 no
Q15916 GO:0007166 63 0 2 no
Q12931 GO:0031324 63 0 11 no
Q14678 GO:0031324 78 15 17 no
Q92918 GO:0031324 79 16 15 no
Q15916 GO:0006357 63 0 2 no
P24941 GO:0006357 79 16 29 no
O75529 GO:0006357 78 16 8 no
Q9Y678 GO:0010468 63 0 5 no
Q6ZN18 GO:0010468 63 0 1 no
Q9C0K0 GO:0010468 62 15 2 no
Q13554 GO:0031324 62 0 15 no
P35606 GO:0031324 94 0 6 no
Q14012 GO:0031324 78 15 11 no
Q9NZI8 GO:0048522 109 47 16 no
Q676U5 GO:0048522 78 16 4 no
Q15637 GO:0048522 62 0 10 no
P02538 GO:0007165 78 16 7 no
P52943 GO:0007165 93 0 2 no
Q9C0K0 GO:0007165 109 47 2 no
Q14164 GO:0019219 78 15 20 no
Q9Y6B7 GO:0019219 78 15 2 no
P35250 GO:0019219 78 16 14 no
Q99684 GO:0007154 94 16 17 no
Q96NW4 GO:0007154 78 16 8 no
P02538 GO:0007154 78 16 7 no
O00203 GO:0010604 78 16 7 no
P06239 GO:0010604 94 16 43 no
Q9NQT8 GO:0010604 140 62 12 no
Q99684 GO:0010604 109 31 17 no
Q10567 GO:0044260 78 16 12 no
Q99684 GO:0045893 94 0 17 no
Q15916 GO:0045893 63 0 2 no
Q9NQT8 GO:0045893 125 63 12 no
P08621 GO:0007165 78 16 13 no
Q05516 GO:0007165 125 16 19 no
Q9Y566 GO:0007165 78 15 9 no
Q9HD67 GO:0010557 62 0 11 no
Q9NQT8 GO:0010557 110 47 12 no
Q6ZN18 GO:0010557 63 0 1 no
Q9C0K0 GO:0010557 78 16 2 no
Q9C0K0 GO:0051716 62 0 2 no